Rasa process starting
Added 'nlp_spacy' to component cache. Key 'nlp_spacy-en'.
Available web server routes: 
static                                             OPTIONS, HEAD, GET             /static/[filename]
custom_webhook_CmdlineInput.health                 OPTIONS, HEAD, GET             /webhooks/rest/
custom_webhook_CmdlineInput.receive                OPTIONS, POST                  /webhooks/rest/webhook
Rasa Core server is up and running on http://localhost:5005
Creating a new tracker for id 'default'.
Received user message 'Hey' with intent '{'name': 'affirm', 'confidence': 0.39584882195572935}' and entities '[]'
Logged UserUtterance - tracker now has 2 events
Current slot values: 
	event_name: None
	name: None
Current tracker state [None, {}, {'prev_action_listen': 1.0, 'intent_affirm': 1.0}]
There is no memorised next action
Predicted next action using policy_0_KerasPolicy
Predicted next action 'utter_greet' with prob 0.21.
Action 'utter_greet' ended with events '[]'
Bot utterance 'BotUttered(text: Nice to you meet you. How can I help?, data: {
  "elements": null,
  "buttons": null,
  "attachment": null
})'
Current tracker state [{}, {'prev_action_listen': 1.0, 'intent_affirm': 1.0}, {'prev_utter_greet': 1.0, 'intent_affirm': 1.0}]
There is no memorised next action
Predicted next action using policy_0_KerasPolicy
Predicted next action 'action_listen' with prob 1.00.
Action 'action_listen' ended with events '[]'
